<?xml version="1.0" encoding="UTF-8"?>
<!-- Generated by org.testng.reporters.JUnitReportReporter -->
<testsuite hostname="DESKTOP-K8U4OTN" failures="0" tests="1" name="Testscripts.loginandLogout" time="9.745" errors="0" timestamp="2023-08-20T21:12:30 IST" skipped="0">
  <testcase classname="Testscripts.loginandLogout" name="login" time="9.745"/>
  <system-out/>
</testsuite> <!-- Testscripts.loginandLogout -->
